c:\users\mollet.clarence\documents\github\simple-game-engine\simple game engine\x64\debug\vc143.pdb
c:\users\mollet.clarence\documents\github\simple-game-engine\simple game engine\x64\debug\vc143.idb
c:\users\mollet.clarence\documents\github\simple-game-engine\simple game engine\x64\debug\tilecomponent.obj
c:\users\mollet.clarence\documents\github\simple-game-engine\simple game engine\x64\debug\texture.obj
c:\users\mollet.clarence\documents\github\simple-game-engine\simple game engine\x64\debug\spritecomponent.obj
c:\users\mollet.clarence\documents\github\simple-game-engine\simple game engine\x64\debug\scene.obj
c:\users\mollet.clarence\documents\github\simple-game-engine\simple game engine\x64\debug\renderer.obj
c:\users\mollet.clarence\documents\github\simple-game-engine\simple game engine\x64\debug\rectangle.obj
c:\users\mollet.clarence\documents\github\simple-game-engine\simple game engine\x64\debug\random.obj
c:\users\mollet.clarence\documents\github\simple-game-engine\simple game engine\x64\debug\player.obj
c:\users\mollet.clarence\documents\github\simple-game-engine\simple game engine\x64\debug\movecomponent.obj
c:\users\mollet.clarence\documents\github\simple-game-engine\simple game engine\x64\debug\main.obj
c:\users\mollet.clarence\documents\github\simple-game-engine\simple game engine\x64\debug\log.obj
c:\users\mollet.clarence\documents\github\simple-game-engine\simple game engine\x64\debug\inputcomponent.obj
c:\users\mollet.clarence\documents\github\simple-game-engine\simple game engine\x64\debug\game.obj
c:\users\mollet.clarence\documents\github\simple-game-engine\simple game engine\x64\debug\component.obj
c:\users\mollet.clarence\documents\github\simple-game-engine\simple game engine\x64\debug\collision.obj
c:\users\mollet.clarence\documents\github\simple-game-engine\simple game engine\x64\debug\collider.obj
c:\users\mollet.clarence\documents\github\simple-game-engine\simple game engine\x64\debug\backgroundspritecomponent.obj
c:\users\mollet.clarence\documents\github\simple-game-engine\simple game engine\x64\debug\assets.obj
c:\users\mollet.clarence\documents\github\simple-game-engine\simple game engine\x64\debug\animspritecomponent.obj
c:\users\mollet.clarence\documents\github\simple-game-engine\simple game engine\x64\debug\actor.obj
c:\users\mollet.clarence\documents\github\simple-game-engine\simple game engine\x64\debug\window.obj
c:\users\mollet.clarence\documents\github\simple-game-engine\simple game engine\x64\debug\wall.obj
c:\users\mollet.clarence\documents\github\simple-game-engine\simple game engine\x64\debug\vector2.obj
c:\users\mollet.clarence\documents\github\simple-game-engine\simple game engine\x64\debug\timer.obj
c:\users\mollet.clarence\documents\github\simple-game-engine\simple game engine\x64\debug\simple game engine.ilk
c:\users\mollet.clarence\documents\github\simple-game-engine\x64\debug\simple game engine.exe
c:\users\mollet.clarence\documents\github\simple-game-engine\x64\debug\simple game engine.pdb
c:\users\mollet.clarence\documents\github\simple-game-engine\simple game engine\x64\debug\simple g.572c9a34.tlog\cl.command.1.tlog
c:\users\mollet.clarence\documents\github\simple-game-engine\simple game engine\x64\debug\simple g.572c9a34.tlog\cl.items.tlog
c:\users\mollet.clarence\documents\github\simple-game-engine\simple game engine\x64\debug\simple g.572c9a34.tlog\cl.read.1.tlog
c:\users\mollet.clarence\documents\github\simple-game-engine\simple game engine\x64\debug\simple g.572c9a34.tlog\cl.write.1.tlog
c:\users\mollet.clarence\documents\github\simple-game-engine\simple game engine\x64\debug\simple g.572c9a34.tlog\link.command.1.tlog
c:\users\mollet.clarence\documents\github\simple-game-engine\simple game engine\x64\debug\simple g.572c9a34.tlog\link.read.1.tlog
c:\users\mollet.clarence\documents\github\simple-game-engine\simple game engine\x64\debug\simple g.572c9a34.tlog\link.write.1.tlog
